<?xml version="1.0" encoding="utf-8"?><testsuites name="pytest tests"><testsuite name="pytest" errors="0" failures="0" skipped="0" tests="9" time="34.579" timestamp="2026-08-28T15:11:24.772207+00:00" hostname="agent-env-55a01eb8-7d4a-40f3-ad79-aa8b73ecb462"><testcase classname="tests.test_iteration4.TestOrgUsage" name="test_anthropic_missing_admin_key" time="32.841" /><testcase classname="tests.test_iteration4.TestArchive" name="test_archive_moves_file_and_removes_from_list" time="33.326" /><testcase classname="tests.test_iteration4.TestOrgUsage" name="test_openai_missing_admin_key" time="0.272" /><testcase classname="tests.test_iteration4.TestOrgUsage" name="test_google_note" time="0.141" /><testcase classname="tests.test_iteration4.TestOrgUsage" name="test_bogus_provider_422" time="0.161" /><testcase classname="tests.test_iteration4.TestArchive" name="test_archive_unknown_id_404" time="0.157" /><testcase classname="tests.test_iteration4.TestTurnHistory" name="test_latest_session_has_turn_history" time="0.357" /><testcase classname="tests.test_iteration4.TestDelete" name="test_delete_removes_file" time="0.345" /><testcase classname="tests.test_iteration4.TestDelete" name="test_delete_unknown_id_404" time="0.233" /></testsuite></testsuites>