<?xml version="1.0" encoding="utf-8"?><testsuites name="pytest tests"><testsuite name="pytest" errors="0" failures="0" skipped="0" tests="31" time="0.337" timestamp="2026-08-28T15:22:27.050286+00:00" hostname="agent-env-55a01eb8-7d4a-40f3-ad79-aa8b73ecb462"><testcase classname="tests.test_core" name="test_resolve_model_exact_and_fuzzy" time="0.000" /><testcase classname="tests.test_core" name="test_capabilities_line" time="0.000" /><testcase classname="tests.test_core" name="test_alerts_fire_once_and_red" time="0.000" /><testcase classname="tests.test_core" name="test_record_usage_accumulates_and_costs" time="0.003" /><testcase classname="tests.test_core" name="test_threshold_alert_and_auto_handoff" time="0.003" /><testcase classname="tests.test_core" name="test_persistence_and_resume" time="0.001" /><testcase classname="tests.test_core" name="test_model_switch_brief" time="0.001" /><testcase classname="tests.test_core" name="test_summaries_keep_last_three" time="0.002" /><testcase classname="tests.test_core" name="test_turn_history_tracks_burn" time="0.001" /><testcase classname="tests.test_core" name="test_list_sessions" time="0.001" /><testcase classname="tests.test_providers" name="test_extract_usage_openai" time="0.000" /><testcase classname="tests.test_providers" name="test_extract_usage_anthropic" time="0.000" /><testcase classname="tests.test_providers" name="test_extract_usage_google" time="0.000" /><testcase classname="tests.test_providers" name="test_extract_usage_object_duck_typing" time="0.000" /><testcase classname="tests.test_providers" name="test_count_tokens_fallback_without_key" time="0.000" /><testcase classname="tests.test_providers" name="test_count_tokens_uses_endpoint" time="0.000" /><testcase classname="tests.test_providers" name="test_org_usage_requires_admin_key" time="0.000" /><testcase classname="tests.test_providers" name="test_org_usage_openai_parses_buckets" time="0.000" /><testcase classname="tests.test_tools" name="test_get_status_has_awareness_header" time="0.001" /><testcase classname="tests.test_tools" name="test_record_usage_tool_and_alerts" time="0.001" /><testcase classname="tests.test_tools" name="test_red_alert_wrap_up_instruction" time="0.001" /><testcase classname="tests.test_tools" name="test_count_tokens_tool" time="0.001" /><testcase classname="tests.test_tools" name="test_task_and_handoff_and_resume" time="0.002" /><testcase classname="tests.test_tools" name="test_model_info_tool" time="0.001" /><testcase classname="tests.test_tools" name="test_awareness_briefing_prompt" time="0.000" /><testcase classname="tests.test_v2_features" name="test_rate_limit_stored_and_header" time="0.001" /><testcase classname="tests.test_v2_features" name="test_rate_limit_alert_fires_once_below_10pct" time="0.001" /><testcase classname="tests.test_v2_features" name="test_parse_rate_limit_headers" time="0.000" /><testcase classname="tests.test_v2_features" name="test_resume_offer_on_restart" time="0.001" /><testcase classname="tests.test_v2_features" name="test_resume_offer_cleared_by_resume" time="0.001" /><testcase classname="tests.test_v2_features" name="test_record_usage_tool_accepts_rate_limits" time="0.001" /></testsuite></testsuites>