<?xml version="1.0" encoding="utf-8"?><testsuites name="pytest tests"><testsuite name="pytest" errors="0" failures="1" skipped="0" tests="9" time="44.667" timestamp="2026-08-28T15:00:06.474611+00:00" hostname="agent-env-55a01eb8-7d4a-40f3-ad79-aa8b73ecb462"><testcase classname="tests.test_iteration3" name="test_config_get_defaults" time="43.511" /><testcase classname="tests.test_iteration3" name="test_config_put_valid_and_persist" time="0.136" /><testcase classname="tests.test_iteration3" name="test_config_put_invalid_timezone" time="0.064" /><testcase classname="tests.test_iteration3" name="test_config_put_thresholds_all_invalid" time="0.062" /><testcase classname="tests.test_iteration3" name="test_config_put_thresholds_filter_and_sort" time="0.063" /><testcase classname="tests.test_iteration3" name="test_zz_restore_defaults" time="0.080" /><testcase classname="tests.test_iteration3" name="test_sessions_list" time="0.078"><failure message="AssertionError: assert False&#10; +  where False = isinstance({'sessions': [{'session_id': 'a1aae646106f', 'model': 'claude-sonnet-4-5', 'started_at': '2026-08-28T14:35:26.120469+00:00', 'last_message_at': '2026-08-28T14:37:26.568643+00:00', ...}, {'session_id': '1d179d4c3a60', 'model': 'gpt-5.1', 'started_at': '2026-08-28T14:35:26.125224+00:00', 'last_message_at': '2026-08-28T14:35:26.126046+00:00', ...}], 'latest_session_id': 'a1aae646106f'}, list)&#10; +    where {'sessions': [{'session_id': 'a1aae646106f', 'model': 'claude-sonnet-4-5', 'started_at': '2026-08-28T14:35:26.120469+00:00', 'last_message_at': '2026-08-28T14:37:26.568643+00:00', ...}, {'session_id': '1d179d4c3a60', 'model': 'gpt-5.1', 'started_at': '2026-08-28T14:35:26.125224+00:00', 'last_message_at': '2026-08-28T14:35:26.126046+00:00', ...}], 'latest_session_id': 'a1aae646106f'} = json()&#10; +      where json = &lt;Response [200]&gt;.json">backend/tests/test_iteration3.py:98: in test_sessions_list
    assert isinstance(r.json(), list)
E   AssertionError: assert False
E    +  where False = isinstance({'sessions': [{'session_id': 'a1aae646106f', 'model': 'claude-sonnet-4-5', 'started_at': '2026-08-28T14:35:26.120469+00:00', 'last_message_at': '2026-08-28T14:37:26.568643+00:00', ...}, {'session_id': '1d179d4c3a60', 'model': 'gpt-5.1', 'started_at': '2026-08-28T14:35:26.125224+00:00', 'last_message_at': '2026-08-28T14:35:26.126046+00:00', ...}], 'latest_session_id': 'a1aae646106f'}, list)
E    +    where {'sessions': [{'session_id': 'a1aae646106f', 'model': 'claude-sonnet-4-5', 'started_at': '2026-08-28T14:35:26.120469+00:00', 'last_message_at': '2026-08-28T14:37:26.568643+00:00', ...}, {'session_id': '1d179d4c3a60', 'model': 'gpt-5.1', 'started_at': '2026-08-28T14:35:26.125224+00:00', 'last_message_at': '2026-08-28T14:35:26.126046+00:00', ...}], 'latest_session_id': 'a1aae646106f'} = json()
E    +      where json = &lt;Response [200]&gt;.json</failure></testcase><testcase classname="tests.test_iteration3" name="test_session_detail" time="0.064" /><testcase classname="tests.test_iteration3" name="test_session_detail_404" time="0.062" /></testsuite></testsuites>